E:\DESKTOP\ETFOMM\DEVELOPMENT\ETRUNNER\BRANCHES\ETRUNNER64WEB\APICLIENT\X64\RELEASE_HTTP\APICLIENT.PCH
E:\DESKTOP\ETFOMM\DEVELOPMENT\ETRUNNER\BRANCHES\ETRUNNER64WEB\APICLIENT\X64\RELEASE_HTTP\STDAFX.OBJ
E:\DESKTOP\ETFOMM\DEVELOPMENT\ETRUNNER\BRANCHES\ETRUNNER64WEB\APICLIENT\X64\RELEASE_HTTP\VC110.PDB
E:\DESKTOP\ETFOMM\DEVELOPMENT\ETRUNNER\BRANCHES\ETRUNNER64WEB\APICLIENT\X64\RELEASE_HTTP\CLIENT_DEFAULT_NETWORK.OBJ
E:\DESKTOP\ETFOMM\DEVELOPMENT\ETRUNNER\BRANCHES\ETRUNNER64WEB\APICLIENT\X64\RELEASE_HTTP\APICLIENT.OBJ
E:\DESKTOP\ETFOMM\DEVELOPMENT\ETRUNNER\BRANCHES\ETRUNNER64WEB\APICLIENT\X64\RELEASE_HTTP\.NETFRAMEWORK,VERSION=V4.0.ASSEMBLYATTRIBUTES.OBJ
E:\DESKTOP\ETFOMM\DEVELOPMENT\ETRUNNER\BRANCHES\ETRUNNER64WEB\X64\RELEASE_HTTP\APICLIENT.EXE
E:\DESKTOP\ETFOMM\DEVELOPMENT\ETRUNNER\BRANCHES\ETRUNNER64WEB\X64\RELEASE_HTTP\APICLIENT.PDB
E:\DESKTOP\ETFOMM\DEVELOPMENT\ETRUNNER\BRANCHES\ETRUNNER64WEB\APICLIENT\X64\RELEASE_HTTP\APICLIENT.RES
E:\Desktop\etFOMM\Development\etRunner\Branches\ETAPIGithub\APIClient\x64\Release_HTTP\APIClient.vcxprojResolveAssemblyReference.cache
E:\Desktop\etFOMM\Development\etRunner\Branches\ETAPIGithub\APIClient\x64\Release_HTTP\.NETFramework,Version=v4.0.AssemblyAttributes.obj
E:\Desktop\etFOMM\Development\etRunner\Branches\ETAPIGithub\APIClient\x64\Release_HTTP\APIClient.obj
E:\Desktop\etFOMM\Development\etRunner\Branches\ETAPIGithub\APIClient\x64\Release_HTTP\Client_Default_Network.obj
E:\Desktop\etFOMM\Development\etRunner\Branches\ETAPIGithub\APIClient\x64\Release_HTTP\stdafx.obj
E:\Desktop\etFOMM\Development\etRunner\Branches\ETAPIGithub\APIClient\x64\Release_HTTP\cl.command.1.tlog
E:\Desktop\etFOMM\Development\etRunner\Branches\ETAPIGithub\APIClient\x64\Release_HTTP\CL.read.1.tlog
E:\Desktop\etFOMM\Development\etRunner\Branches\ETAPIGithub\APIClient\x64\Release_HTTP\CL.write.1.tlog
E:\Desktop\etFOMM\Development\etRunner\Branches\ETAPIGithub\APIClient\x64\Release_HTTP\link-cvtres.read.1.tlog
E:\Desktop\etFOMM\Development\etRunner\Branches\ETAPIGithub\APIClient\x64\Release_HTTP\link-cvtres.write.1.tlog
E:\Desktop\etFOMM\Development\etRunner\Branches\ETAPIGithub\APIClient\x64\Release_HTTP\link-rc.read.1.tlog
E:\Desktop\etFOMM\Development\etRunner\Branches\ETAPIGithub\APIClient\x64\Release_HTTP\link-rc.write.1.tlog
E:\Desktop\etFOMM\Development\etRunner\Branches\ETAPIGithub\APIClient\x64\Release_HTTP\link.command.1.tlog
E:\Desktop\etFOMM\Development\etRunner\Branches\ETAPIGithub\APIClient\x64\Release_HTTP\link.read.1.tlog
E:\Desktop\etFOMM\Development\etRunner\Branches\ETAPIGithub\APIClient\x64\Release_HTTP\link.write.1.tlog
E:\Desktop\etFOMM\Development\etRunner\Branches\ETAPIGithub\APIClient\x64\Release_HTTP\metagen.read.1.tlog
E:\Desktop\etFOMM\Development\etRunner\Branches\ETAPIGithub\APIClient\x64\Release_HTTP\metagen.write.1.tlog
E:\Desktop\etFOMM\Development\etRunner\Branches\ETAPIGithub\APIClient\x64\Release_HTTP\rc.command.1.tlog
E:\Desktop\etFOMM\Development\etRunner\Branches\ETAPIGithub\APIClient\x64\Release_HTTP\rc.read.1.tlog
E:\Desktop\etFOMM\Development\etRunner\Branches\ETAPIGithub\APIClient\x64\Release_HTTP\rc.write.1.tlog
E:\Desktop\etFOMM\Development\etRunner\Branches\ETAPIGithub\APIClient\x64\Release_HTTP\APIClient.res
E:\Desktop\etFOMM\Development\etRunner\Branches\ETAPIGithub\APIClient\x64\Release_HTTP\APIClient.pch
E:\Desktop\etFOMM\Development\etRunner\Branches\ETAPIGithub\APIClient\x64\Release_HTTP\vc110.pdb
E:\Desktop\etFOMM\Development\etRunner\Branches\ETAPIGithub\APIClient\x64\Release_HTTP\TZRES.DLL.bi
E:\Desktop\etFOMM\Development\etRunner\Branches\ETAPIGithub\x64\Release_HTTP\APIClient.pdb
E:\Desktop\etFOMM\Development\etRunner\Branches\ETAPIGithub\x64\Release_HTTP\APIClient.exe
