d:\etfomm\0917\etrunner64\etrunner64\x64\debug\etrunner64.pch
d:\etfomm\0917\etrunner64\etrunner64\x64\debug\vc143.pdb
d:\etfomm\0917\etrunner64\etrunner64\x64\debug\stdafx.obj
d:\etfomm\0917\etrunner64\etrunner64\x64\debug\etrunner64.obj
d:\etfomm\0917\etrunner64\etrunner64\x64\debug\etfomminterface.obj
d:\etfomm\0917\etrunner64\etrunner64\x64\debug\display.obj
d:\etfomm\0917\etrunner64\etrunner64\x64\debug\.netframework,version=v4.7.2.assemblyattributes.obj
d:\etfomm\0917\etrunner64\x64\debug\etrunner64.exe
d:\etfomm\0917\etrunner64\x64\debug\etrunner64.pdb
d:\etfomm\0917\etrunner64\etrunner64\x64\debug\etrunner64.res
d:\etfomm\0917\etfomm\etrunner64\x64\debug\etrunner64.vcxproj.assemblyreference.cache
d:\etfomm\0917\etfomm\etrunner64\x64\debug\.netframework,version=v4.7.2.assemblyattributes.obj
d:\etfomm\0917\etfomm\etrunner64\x64\debug\display.obj
d:\etfomm\0917\etfomm\etrunner64\x64\debug\etfomminterface.obj
d:\etfomm\0917\etfomm\etrunner64\x64\debug\etrunner64.obj
d:\etfomm\0917\etfomm\etrunner64\x64\debug\stdafx.obj
d:\etfomm\0917\etfomm\etrunner64\x64\debug\etrunner64.res
d:\etfomm\0917\etfomm\etrunner64\x64\debug\etrunner64.pch
d:\etfomm\0917\etfomm\etrunner64\x64\debug\vc143.pdb
d:\etfomm\0917\etfomm\x64\debug\etrunner64.pdb
d:\etfomm\0917\etfomm\x64\debug\etrunner64.exe
d:\etfomm\0917\etfomm\etrunner64\x64\debug\etrunner64.tlog\cl.command.1.tlog
d:\etfomm\0917\etfomm\etrunner64\x64\debug\etrunner64.tlog\cl.items.tlog
d:\etfomm\0917\etfomm\etrunner64\x64\debug\etrunner64.tlog\cl.read.1.tlog
d:\etfomm\0917\etfomm\etrunner64\x64\debug\etrunner64.tlog\cl.write.1.tlog
d:\etfomm\0917\etfomm\etrunner64\x64\debug\etrunner64.tlog\link.command.1.tlog
d:\etfomm\0917\etfomm\etrunner64\x64\debug\etrunner64.tlog\link.read.1.tlog
d:\etfomm\0917\etfomm\etrunner64\x64\debug\etrunner64.tlog\link.secondary.1.tlog
d:\etfomm\0917\etfomm\etrunner64\x64\debug\etrunner64.tlog\link.write.1.tlog
d:\etfomm\0917\etfomm\etrunner64\x64\debug\etrunner64.tlog\metagen.read.1.tlog
d:\etfomm\0917\etfomm\etrunner64\x64\debug\etrunner64.tlog\metagen.write.1.tlog
d:\etfomm\0917\etfomm\etrunner64\x64\debug\etrunner64.tlog\rc.command.1.tlog
d:\etfomm\0917\etfomm\etrunner64\x64\debug\etrunner64.tlog\rc.read.1.tlog
d:\etfomm\0917\etfomm\etrunner64\x64\debug\etrunner64.tlog\rc.write.1.tlog
