E:\DESKTOP\ETFOMM\DEVELOPMENT\ETRUNNER\BRANCHES\ETRUNNER64WEB\APICLIENT\X64\RELEASE_TCP\APICLIENT.PCH
E:\DESKTOP\ETFOMM\DEVELOPMENT\ETRUNNER\BRANCHES\ETRUNNER64WEB\APICLIENT\X64\RELEASE_TCP\STDAFX.OBJ
E:\DESKTOP\ETFOMM\DEVELOPMENT\ETRUNNER\BRANCHES\ETRUNNER64WEB\APICLIENT\X64\RELEASE_TCP\VC110.PDB
E:\DESKTOP\ETFOMM\DEVELOPMENT\ETRUNNER\BRANCHES\ETRUNNER64WEB\APICLIENT\X64\RELEASE_TCP\CLIENT_DEFAULT_NETWORK.OBJ
E:\DESKTOP\ETFOMM\DEVELOPMENT\ETRUNNER\BRANCHES\ETRUNNER64WEB\APICLIENT\X64\RELEASE_TCP\APICLIENT.OBJ
E:\DESKTOP\ETFOMM\DEVELOPMENT\ETRUNNER\BRANCHES\ETRUNNER64WEB\APICLIENT\X64\RELEASE_TCP\.NETFRAMEWORK,VERSION=V4.0.ASSEMBLYATTRIBUTES.OBJ
E:\DESKTOP\ETFOMM\DEVELOPMENT\ETRUNNER\BRANCHES\ETRUNNER64WEB\X64\RELEASE_TCP\APICLIENT.EXE
E:\DESKTOP\ETFOMM\DEVELOPMENT\ETRUNNER\BRANCHES\ETRUNNER64WEB\X64\RELEASE_TCP\APICLIENT.PDB
E:\DESKTOP\ETFOMM\DEVELOPMENT\ETRUNNER\BRANCHES\ETRUNNER64WEB\APICLIENT\X64\RELEASE_TCP\APICLIENT.RES
E:\Desktop\etFOMM\Development\etRunner\Branches\ETAPIGithub\APIClient\x64\Release_TCP\APIClient.vcxprojResolveAssemblyReference.cache
E:\Desktop\etFOMM\Development\etRunner\Branches\ETAPIGithub\APIClient\x64\Release_TCP\.NETFramework,Version=v4.0.AssemblyAttributes.obj
E:\Desktop\etFOMM\Development\etRunner\Branches\ETAPIGithub\APIClient\x64\Release_TCP\APIClient.obj
E:\Desktop\etFOMM\Development\etRunner\Branches\ETAPIGithub\APIClient\x64\Release_TCP\Client_Default_Network.obj
E:\Desktop\etFOMM\Development\etRunner\Branches\ETAPIGithub\APIClient\x64\Release_TCP\stdafx.obj
E:\Desktop\etFOMM\Development\etRunner\Branches\ETAPIGithub\APIClient\x64\Release_TCP\cl.command.1.tlog
E:\Desktop\etFOMM\Development\etRunner\Branches\ETAPIGithub\APIClient\x64\Release_TCP\CL.read.1.tlog
E:\Desktop\etFOMM\Development\etRunner\Branches\ETAPIGithub\APIClient\x64\Release_TCP\CL.write.1.tlog
E:\Desktop\etFOMM\Development\etRunner\Branches\ETAPIGithub\APIClient\x64\Release_TCP\link-cvtres.read.1.tlog
E:\Desktop\etFOMM\Development\etRunner\Branches\ETAPIGithub\APIClient\x64\Release_TCP\link-cvtres.write.1.tlog
E:\Desktop\etFOMM\Development\etRunner\Branches\ETAPIGithub\APIClient\x64\Release_TCP\link-rc.read.1.tlog
E:\Desktop\etFOMM\Development\etRunner\Branches\ETAPIGithub\APIClient\x64\Release_TCP\link-rc.write.1.tlog
E:\Desktop\etFOMM\Development\etRunner\Branches\ETAPIGithub\APIClient\x64\Release_TCP\link.command.1.tlog
E:\Desktop\etFOMM\Development\etRunner\Branches\ETAPIGithub\APIClient\x64\Release_TCP\link.read.1.tlog
E:\Desktop\etFOMM\Development\etRunner\Branches\ETAPIGithub\APIClient\x64\Release_TCP\link.write.1.tlog
E:\Desktop\etFOMM\Development\etRunner\Branches\ETAPIGithub\APIClient\x64\Release_TCP\metagen.read.1.tlog
E:\Desktop\etFOMM\Development\etRunner\Branches\ETAPIGithub\APIClient\x64\Release_TCP\metagen.write.1.tlog
E:\Desktop\etFOMM\Development\etRunner\Branches\ETAPIGithub\APIClient\x64\Release_TCP\rc.command.1.tlog
E:\Desktop\etFOMM\Development\etRunner\Branches\ETAPIGithub\APIClient\x64\Release_TCP\rc.read.1.tlog
E:\Desktop\etFOMM\Development\etRunner\Branches\ETAPIGithub\APIClient\x64\Release_TCP\rc.write.1.tlog
E:\Desktop\etFOMM\Development\etRunner\Branches\ETAPIGithub\APIClient\x64\Release_TCP\APIClient.res
E:\Desktop\etFOMM\Development\etRunner\Branches\ETAPIGithub\APIClient\x64\Release_TCP\APIClient.pch
E:\Desktop\etFOMM\Development\etRunner\Branches\ETAPIGithub\APIClient\x64\Release_TCP\vc110.pdb
E:\Desktop\etFOMM\Development\etRunner\Branches\ETAPIGithub\APIClient\x64\Release_TCP\TZRES.DLL.bi
E:\Desktop\etFOMM\Development\etRunner\Branches\ETAPIGithub\x64\Release_TCP\APIClient.pdb
E:\Desktop\etFOMM\Development\etRunner\Branches\ETAPIGithub\x64\Release_TCP\APIClient.exe
