E:\DESKTOP\ETFOMM\DEVELOPMENT\ETRUNNER\BRANCHES\ETRUNNER64WEB\WCFSERVER\X64\RELEASE_HTTP\WCFSERVER.PCH
E:\DESKTOP\ETFOMM\DEVELOPMENT\ETRUNNER\BRANCHES\ETRUNNER64WEB\WCFSERVER\X64\RELEASE_HTTP\STDAFX.OBJ
E:\DESKTOP\ETFOMM\DEVELOPMENT\ETRUNNER\BRANCHES\ETRUNNER64WEB\WCFSERVER\X64\RELEASE_HTTP\VC110.PDB
E:\DESKTOP\ETFOMM\DEVELOPMENT\ETRUNNER\BRANCHES\ETRUNNER64WEB\WCFSERVER\X64\RELEASE_HTTP\WCFSERVER.OBJ
E:\DESKTOP\ETFOMM\DEVELOPMENT\ETRUNNER\BRANCHES\ETRUNNER64WEB\WCFSERVER\X64\RELEASE_HTTP\ASSEMBLYINFO.OBJ
E:\DESKTOP\ETFOMM\DEVELOPMENT\ETRUNNER\BRANCHES\ETRUNNER64WEB\WCFSERVER\X64\RELEASE_HTTP\.NETFRAMEWORK,VERSION=V4.0.ASSEMBLYATTRIBUTES.OBJ
E:\DESKTOP\ETFOMM\DEVELOPMENT\ETRUNNER\BRANCHES\ETRUNNER64WEB\X64\RELEASE_HTTP\WCFSERVER.DLL
E:\DESKTOP\ETFOMM\DEVELOPMENT\ETRUNNER\BRANCHES\ETRUNNER64WEB\X64\RELEASE_HTTP\WCFSERVER.PDB
E:\DESKTOP\ETFOMM\DEVELOPMENT\ETRUNNER\BRANCHES\ETRUNNER64WEB\WCFSERVER\X64\RELEASE_HTTP\APP.RES
E:\Desktop\etFOMM\Development\etRunner\Branches\ETAPIGithub\WCFServer\x64\Release_HTTP\.NETFramework,Version=v4.0.AssemblyAttributes.obj
E:\Desktop\etFOMM\Development\etRunner\Branches\ETAPIGithub\WCFServer\x64\Release_HTTP\AssemblyInfo.obj
E:\Desktop\etFOMM\Development\etRunner\Branches\ETAPIGithub\WCFServer\x64\Release_HTTP\Stdafx.obj
E:\Desktop\etFOMM\Development\etRunner\Branches\ETAPIGithub\WCFServer\x64\Release_HTTP\WCFServer.obj
E:\Desktop\etFOMM\Development\etRunner\Branches\ETAPIGithub\WCFServer\x64\Release_HTTP\cl.command.1.tlog
E:\Desktop\etFOMM\Development\etRunner\Branches\ETAPIGithub\WCFServer\x64\Release_HTTP\CL.read.1.tlog
E:\Desktop\etFOMM\Development\etRunner\Branches\ETAPIGithub\WCFServer\x64\Release_HTTP\CL.write.1.tlog
E:\Desktop\etFOMM\Development\etRunner\Branches\ETAPIGithub\WCFServer\x64\Release_HTTP\link-cvtres.read.1.tlog
E:\Desktop\etFOMM\Development\etRunner\Branches\ETAPIGithub\WCFServer\x64\Release_HTTP\link-cvtres.write.1.tlog
E:\Desktop\etFOMM\Development\etRunner\Branches\ETAPIGithub\WCFServer\x64\Release_HTTP\link-rc.read.1.tlog
E:\Desktop\etFOMM\Development\etRunner\Branches\ETAPIGithub\WCFServer\x64\Release_HTTP\link-rc.write.1.tlog
E:\Desktop\etFOMM\Development\etRunner\Branches\ETAPIGithub\WCFServer\x64\Release_HTTP\link.command.1.tlog
E:\Desktop\etFOMM\Development\etRunner\Branches\ETAPIGithub\WCFServer\x64\Release_HTTP\link.read.1.tlog
E:\Desktop\etFOMM\Development\etRunner\Branches\ETAPIGithub\WCFServer\x64\Release_HTTP\link.write.1.tlog
E:\Desktop\etFOMM\Development\etRunner\Branches\ETAPIGithub\WCFServer\x64\Release_HTTP\metagen.read.1.tlog
E:\Desktop\etFOMM\Development\etRunner\Branches\ETAPIGithub\WCFServer\x64\Release_HTTP\metagen.write.1.tlog
E:\Desktop\etFOMM\Development\etRunner\Branches\ETAPIGithub\WCFServer\x64\Release_HTTP\rc.command.1.tlog
E:\Desktop\etFOMM\Development\etRunner\Branches\ETAPIGithub\WCFServer\x64\Release_HTTP\rc.read.1.tlog
E:\Desktop\etFOMM\Development\etRunner\Branches\ETAPIGithub\WCFServer\x64\Release_HTTP\rc.write.1.tlog
E:\Desktop\etFOMM\Development\etRunner\Branches\ETAPIGithub\WCFServer\x64\Release_HTTP\app.res
E:\Desktop\etFOMM\Development\etRunner\Branches\ETAPIGithub\WCFServer\x64\Release_HTTP\WCFServer.pch
E:\Desktop\etFOMM\Development\etRunner\Branches\ETAPIGithub\WCFServer\x64\Release_HTTP\vc110.pdb
E:\Desktop\etFOMM\Development\etRunner\Branches\ETAPIGithub\WCFServer\x64\Release_HTTP\TZRES.DLL.bi
E:\Desktop\etFOMM\Development\etRunner\Branches\ETAPIGithub\x64\Release_HTTP\WCFServer.pdb
E:\Desktop\etFOMM\Development\etRunner\Branches\ETAPIGithub\x64\Release_HTTP\WCFServer.dll
