E:\DESKTOP\ETFOMM\DEVELOPMENT\ETRUNNER\BRANCHES\ETRUNNER64WEB\ETRUNNER64\X64\RELEASE_HTTP\ETRUNNER64.PCH
E:\DESKTOP\ETFOMM\DEVELOPMENT\ETRUNNER\BRANCHES\ETRUNNER64WEB\ETRUNNER64\X64\RELEASE_HTTP\STDAFX.OBJ
E:\DESKTOP\ETFOMM\DEVELOPMENT\ETRUNNER\BRANCHES\ETRUNNER64WEB\ETRUNNER64\X64\RELEASE_HTTP\VC110.PDB
E:\DESKTOP\ETFOMM\DEVELOPMENT\ETRUNNER\BRANCHES\ETRUNNER64WEB\ETRUNNER64\X64\RELEASE_HTTP\HOST_DEFAULT_NETWORK.OBJ
E:\DESKTOP\ETFOMM\DEVELOPMENT\ETRUNNER\BRANCHES\ETRUNNER64WEB\ETRUNNER64\X64\RELEASE_HTTP\ETRUNNER64.OBJ
E:\DESKTOP\ETFOMM\DEVELOPMENT\ETRUNNER\BRANCHES\ETRUNNER64WEB\ETRUNNER64\X64\RELEASE_HTTP\ETFOMMINTERFACE.OBJ
E:\DESKTOP\ETFOMM\DEVELOPMENT\ETRUNNER\BRANCHES\ETRUNNER64WEB\ETRUNNER64\X64\RELEASE_HTTP\DISPLAY.OBJ
E:\DESKTOP\ETFOMM\DEVELOPMENT\ETRUNNER\BRANCHES\ETRUNNER64WEB\ETRUNNER64\X64\RELEASE_HTTP\.NETFRAMEWORK,VERSION=V4.0.ASSEMBLYATTRIBUTES.OBJ
E:\DESKTOP\ETFOMM\DEVELOPMENT\ETRUNNER\BRANCHES\ETRUNNER64WEB\X64\RELEASE_HTTP\ETRUNNER64.EXE
E:\DESKTOP\ETFOMM\DEVELOPMENT\ETRUNNER\BRANCHES\ETRUNNER64WEB\X64\RELEASE_HTTP\ETRUNNER64.PDB
E:\DESKTOP\ETFOMM\DEVELOPMENT\ETRUNNER\BRANCHES\ETRUNNER64WEB\ETRUNNER64\X64\RELEASE_HTTP\ETRUNNER64.RES
E:\Desktop\etFOMM\Development\etRunner\Branches\ETAPIGithub\etRunner64\x64\Release_HTTP\etRunner64.vcxprojResolveAssemblyReference.cache
E:\Desktop\etFOMM\Development\etRunner\Branches\ETAPIGithub\etRunner64\x64\Release_HTTP\.NETFramework,Version=v4.0.AssemblyAttributes.obj
E:\Desktop\etFOMM\Development\etRunner\Branches\ETAPIGithub\etRunner64\x64\Release_HTTP\Display.obj
E:\Desktop\etFOMM\Development\etRunner\Branches\ETAPIGithub\etRunner64\x64\Release_HTTP\etFommInterface.obj
E:\Desktop\etFOMM\Development\etRunner\Branches\ETAPIGithub\etRunner64\x64\Release_HTTP\etRunner64.obj
E:\Desktop\etFOMM\Development\etRunner\Branches\ETAPIGithub\etRunner64\x64\Release_HTTP\Host_Default_Network.obj
E:\Desktop\etFOMM\Development\etRunner\Branches\ETAPIGithub\etRunner64\x64\Release_HTTP\stdafx.obj
E:\Desktop\etFOMM\Development\etRunner\Branches\ETAPIGithub\etRunner64\x64\Release_HTTP\cl.command.1.tlog
E:\Desktop\etFOMM\Development\etRunner\Branches\ETAPIGithub\etRunner64\x64\Release_HTTP\CL.read.1.tlog
E:\Desktop\etFOMM\Development\etRunner\Branches\ETAPIGithub\etRunner64\x64\Release_HTTP\CL.write.1.tlog
E:\Desktop\etFOMM\Development\etRunner\Branches\ETAPIGithub\etRunner64\x64\Release_HTTP\link-cvtres.read.1.tlog
E:\Desktop\etFOMM\Development\etRunner\Branches\ETAPIGithub\etRunner64\x64\Release_HTTP\link-cvtres.write.1.tlog
E:\Desktop\etFOMM\Development\etRunner\Branches\ETAPIGithub\etRunner64\x64\Release_HTTP\link-rc.read.1.tlog
E:\Desktop\etFOMM\Development\etRunner\Branches\ETAPIGithub\etRunner64\x64\Release_HTTP\link-rc.write.1.tlog
E:\Desktop\etFOMM\Development\etRunner\Branches\ETAPIGithub\etRunner64\x64\Release_HTTP\link.command.1.tlog
E:\Desktop\etFOMM\Development\etRunner\Branches\ETAPIGithub\etRunner64\x64\Release_HTTP\link.read.1.tlog
E:\Desktop\etFOMM\Development\etRunner\Branches\ETAPIGithub\etRunner64\x64\Release_HTTP\link.write.1.tlog
E:\Desktop\etFOMM\Development\etRunner\Branches\ETAPIGithub\etRunner64\x64\Release_HTTP\metagen.read.1.tlog
E:\Desktop\etFOMM\Development\etRunner\Branches\ETAPIGithub\etRunner64\x64\Release_HTTP\metagen.write.1.tlog
E:\Desktop\etFOMM\Development\etRunner\Branches\ETAPIGithub\etRunner64\x64\Release_HTTP\rc.command.1.tlog
E:\Desktop\etFOMM\Development\etRunner\Branches\ETAPIGithub\etRunner64\x64\Release_HTTP\rc.read.1.tlog
E:\Desktop\etFOMM\Development\etRunner\Branches\ETAPIGithub\etRunner64\x64\Release_HTTP\rc.write.1.tlog
E:\Desktop\etFOMM\Development\etRunner\Branches\ETAPIGithub\etRunner64\x64\Release_HTTP\etRunner64.res
E:\Desktop\etFOMM\Development\etRunner\Branches\ETAPIGithub\etRunner64\x64\Release_HTTP\etRunner64.pch
E:\Desktop\etFOMM\Development\etRunner\Branches\ETAPIGithub\etRunner64\x64\Release_HTTP\vc110.pdb
E:\Desktop\etFOMM\Development\etRunner\Branches\ETAPIGithub\etRunner64\x64\Release_HTTP\TZRES.DLL.bi
E:\Desktop\etFOMM\Development\etRunner\Branches\ETAPIGithub\x64\Release_HTTP\etRunner64.pdb
E:\Desktop\etFOMM\Development\etRunner\Branches\ETAPIGithub\x64\Release_HTTP\etRunner64.exe
