E:\DESKTOP\ETFOMM\DEVELOPMENT\ETRUNNER\BRANCHES\ETRUNNER64WEB\APICLIENT\X64\RELEASE_HTTP_CONTROLLER\APICLIENT.PCH
E:\DESKTOP\ETFOMM\DEVELOPMENT\ETRUNNER\BRANCHES\ETRUNNER64WEB\APICLIENT\X64\RELEASE_HTTP_CONTROLLER\STDAFX.OBJ
E:\DESKTOP\ETFOMM\DEVELOPMENT\ETRUNNER\BRANCHES\ETRUNNER64WEB\APICLIENT\X64\RELEASE_HTTP_CONTROLLER\VC110.PDB
E:\DESKTOP\ETFOMM\DEVELOPMENT\ETRUNNER\BRANCHES\ETRUNNER64WEB\APICLIENT\X64\RELEASE_HTTP_CONTROLLER\CLIENT_DEFAULT_NETWORK.OBJ
E:\DESKTOP\ETFOMM\DEVELOPMENT\ETRUNNER\BRANCHES\ETRUNNER64WEB\APICLIENT\X64\RELEASE_HTTP_CONTROLLER\APICLIENT.OBJ
E:\DESKTOP\ETFOMM\DEVELOPMENT\ETRUNNER\BRANCHES\ETRUNNER64WEB\APICLIENT\X64\RELEASE_HTTP_CONTROLLER\.NETFRAMEWORK,VERSION=V4.0.ASSEMBLYATTRIBUTES.OBJ
E:\DESKTOP\ETFOMM\DEVELOPMENT\ETRUNNER\BRANCHES\ETRUNNER64WEB\X64\RELEASE_HTTP_CONTROLLER\APICLIENT.EXE
E:\DESKTOP\ETFOMM\DEVELOPMENT\ETRUNNER\BRANCHES\ETRUNNER64WEB\X64\RELEASE_HTTP_CONTROLLER\APICLIENT.PDB
E:\DESKTOP\ETFOMM\DEVELOPMENT\ETRUNNER\BRANCHES\ETRUNNER64WEB\APICLIENT\X64\RELEASE_HTTP_CONTROLLER\APICLIENT.RES
E:\Desktop\etFOMM\Development\etRunner\Branches\ETAPIGithub\APIClient\x64\Release_HTTP_Controller\APIClient.vcxprojResolveAssemblyReference.cache
E:\Desktop\etFOMM\Development\etRunner\Branches\ETAPIGithub\APIClient\x64\Release_HTTP_Controller\.NETFramework,Version=v4.0.AssemblyAttributes.obj
E:\Desktop\etFOMM\Development\etRunner\Branches\ETAPIGithub\APIClient\x64\Release_HTTP_Controller\APIClient.obj
E:\Desktop\etFOMM\Development\etRunner\Branches\ETAPIGithub\APIClient\x64\Release_HTTP_Controller\Client_Default_Network.obj
E:\Desktop\etFOMM\Development\etRunner\Branches\ETAPIGithub\APIClient\x64\Release_HTTP_Controller\stdafx.obj
E:\Desktop\etFOMM\Development\etRunner\Branches\ETAPIGithub\APIClient\x64\Release_HTTP_Controller\cl.command.1.tlog
E:\Desktop\etFOMM\Development\etRunner\Branches\ETAPIGithub\APIClient\x64\Release_HTTP_Controller\CL.read.1.tlog
E:\Desktop\etFOMM\Development\etRunner\Branches\ETAPIGithub\APIClient\x64\Release_HTTP_Controller\CL.write.1.tlog
E:\Desktop\etFOMM\Development\etRunner\Branches\ETAPIGithub\APIClient\x64\Release_HTTP_Controller\link-cvtres.read.1.tlog
E:\Desktop\etFOMM\Development\etRunner\Branches\ETAPIGithub\APIClient\x64\Release_HTTP_Controller\link-cvtres.write.1.tlog
E:\Desktop\etFOMM\Development\etRunner\Branches\ETAPIGithub\APIClient\x64\Release_HTTP_Controller\link-rc.read.1.tlog
E:\Desktop\etFOMM\Development\etRunner\Branches\ETAPIGithub\APIClient\x64\Release_HTTP_Controller\link-rc.write.1.tlog
E:\Desktop\etFOMM\Development\etRunner\Branches\ETAPIGithub\APIClient\x64\Release_HTTP_Controller\link.command.1.tlog
E:\Desktop\etFOMM\Development\etRunner\Branches\ETAPIGithub\APIClient\x64\Release_HTTP_Controller\link.read.1.tlog
E:\Desktop\etFOMM\Development\etRunner\Branches\ETAPIGithub\APIClient\x64\Release_HTTP_Controller\link.write.1.tlog
E:\Desktop\etFOMM\Development\etRunner\Branches\ETAPIGithub\APIClient\x64\Release_HTTP_Controller\metagen.read.1.tlog
E:\Desktop\etFOMM\Development\etRunner\Branches\ETAPIGithub\APIClient\x64\Release_HTTP_Controller\metagen.write.1.tlog
E:\Desktop\etFOMM\Development\etRunner\Branches\ETAPIGithub\APIClient\x64\Release_HTTP_Controller\rc.command.1.tlog
E:\Desktop\etFOMM\Development\etRunner\Branches\ETAPIGithub\APIClient\x64\Release_HTTP_Controller\rc.read.1.tlog
E:\Desktop\etFOMM\Development\etRunner\Branches\ETAPIGithub\APIClient\x64\Release_HTTP_Controller\rc.write.1.tlog
E:\Desktop\etFOMM\Development\etRunner\Branches\ETAPIGithub\APIClient\x64\Release_HTTP_Controller\APIClient.res
E:\Desktop\etFOMM\Development\etRunner\Branches\ETAPIGithub\APIClient\x64\Release_HTTP_Controller\APIClient.pch
E:\Desktop\etFOMM\Development\etRunner\Branches\ETAPIGithub\APIClient\x64\Release_HTTP_Controller\vc110.pdb
E:\Desktop\etFOMM\Development\etRunner\Branches\ETAPIGithub\APIClient\x64\Release_HTTP_Controller\TZRES.DLL.bi
E:\Desktop\etFOMM\Development\etRunner\Branches\ETAPIGithub\x64\Release_HTTP_Controller\APIClient.pdb
E:\Desktop\etFOMM\Development\etRunner\Branches\ETAPIGithub\x64\Release_HTTP_Controller\APIClient.exe
