E:\DESKTOP\ETFOMM\DEVELOPMENT\ETRUNNER\BRANCHES\ETRUNNER64WEB\WCFSERVER\X64\DEBUG\WCFSERVER.PCH
E:\DESKTOP\ETFOMM\DEVELOPMENT\ETRUNNER\BRANCHES\ETRUNNER64WEB\WCFSERVER\X64\DEBUG\STDAFX.OBJ
E:\DESKTOP\ETFOMM\DEVELOPMENT\ETRUNNER\BRANCHES\ETRUNNER64WEB\WCFSERVER\X64\DEBUG\VC110.PDB
E:\DESKTOP\ETFOMM\DEVELOPMENT\ETRUNNER\BRANCHES\ETRUNNER64WEB\WCFSERVER\X64\DEBUG\WCFSERVER.OBJ
E:\DESKTOP\ETFOMM\DEVELOPMENT\ETRUNNER\BRANCHES\ETRUNNER64WEB\WCFSERVER\X64\DEBUG\ASSEMBLYINFO.OBJ
E:\DESKTOP\ETFOMM\DEVELOPMENT\ETRUNNER\BRANCHES\ETRUNNER64WEB\WCFSERVER\X64\DEBUG\.NETFRAMEWORK,VERSION=V4.0.ASSEMBLYATTRIBUTES.OBJ
E:\DESKTOP\ETFOMM\DEVELOPMENT\ETRUNNER\BRANCHES\ETRUNNER64WEB\X64\DEBUG\WCFSERVER.ILK
E:\DESKTOP\ETFOMM\DEVELOPMENT\ETRUNNER\BRANCHES\ETRUNNER64WEB\X64\DEBUG\WCFSERVER.DLL
E:\DESKTOP\ETFOMM\DEVELOPMENT\ETRUNNER\BRANCHES\ETRUNNER64WEB\X64\DEBUG\WCFSERVER.PDB
E:\DESKTOP\ETFOMM\DEVELOPMENT\ETRUNNER\BRANCHES\ETRUNNER64WEB\WCFSERVER\X64\DEBUG\APP.RES
E:\Desktop\etFOMM\Development\etRunner\Branches\ETAPIGithub\WCFServer\x64\Debug\WCFServer.vcxprojResolveAssemblyReference.cache
E:\Desktop\etFOMM\Development\etRunner\Branches\ETAPIGithub\WCFServer\x64\Debug\.NETFramework,Version=v4.0.AssemblyAttributes.obj
E:\Desktop\etFOMM\Development\etRunner\Branches\ETAPIGithub\WCFServer\x64\Debug\AssemblyInfo.obj
E:\Desktop\etFOMM\Development\etRunner\Branches\ETAPIGithub\WCFServer\x64\Debug\Stdafx.obj
E:\Desktop\etFOMM\Development\etRunner\Branches\ETAPIGithub\WCFServer\x64\Debug\WCFServer.obj
E:\Desktop\etFOMM\Development\etRunner\Branches\ETAPIGithub\WCFServer\x64\Debug\cl.command.1.tlog
E:\Desktop\etFOMM\Development\etRunner\Branches\ETAPIGithub\WCFServer\x64\Debug\CL.read.1.tlog
E:\Desktop\etFOMM\Development\etRunner\Branches\ETAPIGithub\WCFServer\x64\Debug\CL.write.1.tlog
E:\Desktop\etFOMM\Development\etRunner\Branches\ETAPIGithub\WCFServer\x64\Debug\link.4296-cvtres.read.1.tlog
E:\Desktop\etFOMM\Development\etRunner\Branches\ETAPIGithub\WCFServer\x64\Debug\link.4296-cvtres.write.1.tlog
E:\Desktop\etFOMM\Development\etRunner\Branches\ETAPIGithub\WCFServer\x64\Debug\link.4296-rc.read.1.tlog
E:\Desktop\etFOMM\Development\etRunner\Branches\ETAPIGithub\WCFServer\x64\Debug\link.4296-rc.write.1.tlog
E:\Desktop\etFOMM\Development\etRunner\Branches\ETAPIGithub\WCFServer\x64\Debug\link.4296.read.1.tlog
E:\Desktop\etFOMM\Development\etRunner\Branches\ETAPIGithub\WCFServer\x64\Debug\link.4296.write.1.tlog
E:\Desktop\etFOMM\Development\etRunner\Branches\ETAPIGithub\WCFServer\x64\Debug\link.command.1.tlog
E:\Desktop\etFOMM\Development\etRunner\Branches\ETAPIGithub\WCFServer\x64\Debug\link.read.1.tlog
E:\Desktop\etFOMM\Development\etRunner\Branches\ETAPIGithub\WCFServer\x64\Debug\link.write.1.tlog
E:\Desktop\etFOMM\Development\etRunner\Branches\ETAPIGithub\WCFServer\x64\Debug\metagen.read.1.tlog
E:\Desktop\etFOMM\Development\etRunner\Branches\ETAPIGithub\WCFServer\x64\Debug\metagen.write.1.tlog
E:\Desktop\etFOMM\Development\etRunner\Branches\ETAPIGithub\WCFServer\x64\Debug\rc.command.1.tlog
E:\Desktop\etFOMM\Development\etRunner\Branches\ETAPIGithub\WCFServer\x64\Debug\rc.read.1.tlog
E:\Desktop\etFOMM\Development\etRunner\Branches\ETAPIGithub\WCFServer\x64\Debug\rc.write.1.tlog
E:\Desktop\etFOMM\Development\etRunner\Branches\ETAPIGithub\WCFServer\x64\Debug\app.res
E:\Desktop\etFOMM\Development\etRunner\Branches\ETAPIGithub\WCFServer\x64\Debug\WCFServer.pch
E:\Desktop\etFOMM\Development\etRunner\Branches\ETAPIGithub\WCFServer\x64\Debug\vc110.pdb
E:\Desktop\etFOMM\Development\etRunner\Branches\ETAPIGithub\WCFServer\x64\Debug\TZRES.DLL.bi
E:\Desktop\etFOMM\Development\etRunner\Branches\ETAPIGithub\x64\Debug\WCFServer.pdb
E:\Desktop\etFOMM\Development\etRunner\Branches\ETAPIGithub\x64\Debug\WCFServer.dll
E:\Desktop\etFOMM\Development\etRunner\Branches\ETAPIGithub\x64\Debug\WCFServer.ilk
