E:\DESKTOP\ETFOMM\DEVELOPMENT\ETRUNNER\BRANCHES\ETRUNNER64WEB\ETRUNNER64\X64\RELEASE_TCP_CONTROLLER\ETRUNNER64.PCH
E:\DESKTOP\ETFOMM\DEVELOPMENT\ETRUNNER\BRANCHES\ETRUNNER64WEB\ETRUNNER64\X64\RELEASE_TCP_CONTROLLER\STDAFX.OBJ
E:\DESKTOP\ETFOMM\DEVELOPMENT\ETRUNNER\BRANCHES\ETRUNNER64WEB\ETRUNNER64\X64\RELEASE_TCP_CONTROLLER\VC110.PDB
E:\DESKTOP\ETFOMM\DEVELOPMENT\ETRUNNER\BRANCHES\ETRUNNER64WEB\ETRUNNER64\X64\RELEASE_TCP_CONTROLLER\HOST_DEFAULT_NETWORK.OBJ
E:\DESKTOP\ETFOMM\DEVELOPMENT\ETRUNNER\BRANCHES\ETRUNNER64WEB\ETRUNNER64\X64\RELEASE_TCP_CONTROLLER\ETRUNNER64.OBJ
E:\DESKTOP\ETFOMM\DEVELOPMENT\ETRUNNER\BRANCHES\ETRUNNER64WEB\ETRUNNER64\X64\RELEASE_TCP_CONTROLLER\ETFOMMINTERFACE.OBJ
E:\DESKTOP\ETFOMM\DEVELOPMENT\ETRUNNER\BRANCHES\ETRUNNER64WEB\ETRUNNER64\X64\RELEASE_TCP_CONTROLLER\DISPLAY.OBJ
E:\DESKTOP\ETFOMM\DEVELOPMENT\ETRUNNER\BRANCHES\ETRUNNER64WEB\ETRUNNER64\X64\RELEASE_TCP_CONTROLLER\.NETFRAMEWORK,VERSION=V4.0.ASSEMBLYATTRIBUTES.OBJ
E:\DESKTOP\ETFOMM\DEVELOPMENT\ETRUNNER\BRANCHES\ETRUNNER64WEB\X64\RELEASE_TCP_CONTROLLER\ETRUNNER64.EXE
E:\DESKTOP\ETFOMM\DEVELOPMENT\ETRUNNER\BRANCHES\ETRUNNER64WEB\X64\RELEASE_TCP_CONTROLLER\ETRUNNER64.PDB
E:\DESKTOP\ETFOMM\DEVELOPMENT\ETRUNNER\BRANCHES\ETRUNNER64WEB\ETRUNNER64\X64\RELEASE_TCP_CONTROLLER\ETRUNNER64.RES
E:\Desktop\etFOMM\Development\etRunner\Branches\ETAPIGithub\etRunner64\x64\Release_TCP_Controller\etRunner64.vcxprojResolveAssemblyReference.cache
E:\Desktop\etFOMM\Development\etRunner\Branches\ETAPIGithub\etRunner64\x64\Release_TCP_Controller\.NETFramework,Version=v4.0.AssemblyAttributes.obj
E:\Desktop\etFOMM\Development\etRunner\Branches\ETAPIGithub\etRunner64\x64\Release_TCP_Controller\Display.obj
E:\Desktop\etFOMM\Development\etRunner\Branches\ETAPIGithub\etRunner64\x64\Release_TCP_Controller\etFommInterface.obj
E:\Desktop\etFOMM\Development\etRunner\Branches\ETAPIGithub\etRunner64\x64\Release_TCP_Controller\etRunner64.obj
E:\Desktop\etFOMM\Development\etRunner\Branches\ETAPIGithub\etRunner64\x64\Release_TCP_Controller\Host_Default_Network.obj
E:\Desktop\etFOMM\Development\etRunner\Branches\ETAPIGithub\etRunner64\x64\Release_TCP_Controller\stdafx.obj
E:\Desktop\etFOMM\Development\etRunner\Branches\ETAPIGithub\etRunner64\x64\Release_TCP_Controller\cl.command.1.tlog
E:\Desktop\etFOMM\Development\etRunner\Branches\ETAPIGithub\etRunner64\x64\Release_TCP_Controller\CL.read.1.tlog
E:\Desktop\etFOMM\Development\etRunner\Branches\ETAPIGithub\etRunner64\x64\Release_TCP_Controller\CL.write.1.tlog
E:\Desktop\etFOMM\Development\etRunner\Branches\ETAPIGithub\etRunner64\x64\Release_TCP_Controller\link-cvtres.read.1.tlog
E:\Desktop\etFOMM\Development\etRunner\Branches\ETAPIGithub\etRunner64\x64\Release_TCP_Controller\link-cvtres.write.1.tlog
E:\Desktop\etFOMM\Development\etRunner\Branches\ETAPIGithub\etRunner64\x64\Release_TCP_Controller\link-rc.read.1.tlog
E:\Desktop\etFOMM\Development\etRunner\Branches\ETAPIGithub\etRunner64\x64\Release_TCP_Controller\link-rc.write.1.tlog
E:\Desktop\etFOMM\Development\etRunner\Branches\ETAPIGithub\etRunner64\x64\Release_TCP_Controller\link.command.1.tlog
E:\Desktop\etFOMM\Development\etRunner\Branches\ETAPIGithub\etRunner64\x64\Release_TCP_Controller\link.read.1.tlog
E:\Desktop\etFOMM\Development\etRunner\Branches\ETAPIGithub\etRunner64\x64\Release_TCP_Controller\link.write.1.tlog
E:\Desktop\etFOMM\Development\etRunner\Branches\ETAPIGithub\etRunner64\x64\Release_TCP_Controller\metagen.read.1.tlog
E:\Desktop\etFOMM\Development\etRunner\Branches\ETAPIGithub\etRunner64\x64\Release_TCP_Controller\metagen.write.1.tlog
E:\Desktop\etFOMM\Development\etRunner\Branches\ETAPIGithub\etRunner64\x64\Release_TCP_Controller\rc.command.1.tlog
E:\Desktop\etFOMM\Development\etRunner\Branches\ETAPIGithub\etRunner64\x64\Release_TCP_Controller\rc.read.1.tlog
E:\Desktop\etFOMM\Development\etRunner\Branches\ETAPIGithub\etRunner64\x64\Release_TCP_Controller\rc.write.1.tlog
E:\Desktop\etFOMM\Development\etRunner\Branches\ETAPIGithub\etRunner64\x64\Release_TCP_Controller\etRunner64.res
E:\Desktop\etFOMM\Development\etRunner\Branches\ETAPIGithub\etRunner64\x64\Release_TCP_Controller\etRunner64.pch
E:\Desktop\etFOMM\Development\etRunner\Branches\ETAPIGithub\etRunner64\x64\Release_TCP_Controller\vc110.pdb
E:\Desktop\etFOMM\Development\etRunner\Branches\ETAPIGithub\etRunner64\x64\Release_TCP_Controller\TZRES.DLL.bi
E:\Desktop\etFOMM\Development\etRunner\Branches\ETAPIGithub\x64\Release_TCP_Controller\etRunner64.pdb
E:\Desktop\etFOMM\Development\etRunner\Branches\ETAPIGithub\x64\Release_TCP_Controller\etRunner64.exe
