E:\DESKTOP\ETFOMM\DEVELOPMENT\ETRUNNER\BRANCHES\ETRUNNER64WEB\WCFSERVER\X64\RELEASE_TCP\WCFSERVER.PCH
E:\DESKTOP\ETFOMM\DEVELOPMENT\ETRUNNER\BRANCHES\ETRUNNER64WEB\WCFSERVER\X64\RELEASE_TCP\STDAFX.OBJ
E:\DESKTOP\ETFOMM\DEVELOPMENT\ETRUNNER\BRANCHES\ETRUNNER64WEB\WCFSERVER\X64\RELEASE_TCP\VC110.PDB
E:\DESKTOP\ETFOMM\DEVELOPMENT\ETRUNNER\BRANCHES\ETRUNNER64WEB\WCFSERVER\X64\RELEASE_TCP\WCFSERVER.OBJ
E:\DESKTOP\ETFOMM\DEVELOPMENT\ETRUNNER\BRANCHES\ETRUNNER64WEB\WCFSERVER\X64\RELEASE_TCP\ASSEMBLYINFO.OBJ
E:\DESKTOP\ETFOMM\DEVELOPMENT\ETRUNNER\BRANCHES\ETRUNNER64WEB\WCFSERVER\X64\RELEASE_TCP\.NETFRAMEWORK,VERSION=V4.0.ASSEMBLYATTRIBUTES.OBJ
E:\DESKTOP\ETFOMM\DEVELOPMENT\ETRUNNER\BRANCHES\ETRUNNER64WEB\X64\RELEASE_TCP\WCFSERVER.DLL
E:\DESKTOP\ETFOMM\DEVELOPMENT\ETRUNNER\BRANCHES\ETRUNNER64WEB\X64\RELEASE_TCP\WCFSERVER.PDB
E:\DESKTOP\ETFOMM\DEVELOPMENT\ETRUNNER\BRANCHES\ETRUNNER64WEB\WCFSERVER\X64\RELEASE_TCP\APP.RES
E:\Desktop\etFOMM\Development\etRunner\Branches\ETAPIGithub\WCFServer\x64\Release_TCP\WCFServer.vcxprojResolveAssemblyReference.cache
E:\Desktop\etFOMM\Development\etRunner\Branches\ETAPIGithub\WCFServer\x64\Release_TCP\.NETFramework,Version=v4.0.AssemblyAttributes.obj
E:\Desktop\etFOMM\Development\etRunner\Branches\ETAPIGithub\WCFServer\x64\Release_TCP\AssemblyInfo.obj
E:\Desktop\etFOMM\Development\etRunner\Branches\ETAPIGithub\WCFServer\x64\Release_TCP\Stdafx.obj
E:\Desktop\etFOMM\Development\etRunner\Branches\ETAPIGithub\WCFServer\x64\Release_TCP\WCFServer.obj
E:\Desktop\etFOMM\Development\etRunner\Branches\ETAPIGithub\WCFServer\x64\Release_TCP\cl.command.1.tlog
E:\Desktop\etFOMM\Development\etRunner\Branches\ETAPIGithub\WCFServer\x64\Release_TCP\CL.read.1.tlog
E:\Desktop\etFOMM\Development\etRunner\Branches\ETAPIGithub\WCFServer\x64\Release_TCP\CL.write.1.tlog
E:\Desktop\etFOMM\Development\etRunner\Branches\ETAPIGithub\WCFServer\x64\Release_TCP\link-cvtres.read.1.tlog
E:\Desktop\etFOMM\Development\etRunner\Branches\ETAPIGithub\WCFServer\x64\Release_TCP\link-cvtres.write.1.tlog
E:\Desktop\etFOMM\Development\etRunner\Branches\ETAPIGithub\WCFServer\x64\Release_TCP\link-rc.read.1.tlog
E:\Desktop\etFOMM\Development\etRunner\Branches\ETAPIGithub\WCFServer\x64\Release_TCP\link-rc.write.1.tlog
E:\Desktop\etFOMM\Development\etRunner\Branches\ETAPIGithub\WCFServer\x64\Release_TCP\link.command.1.tlog
E:\Desktop\etFOMM\Development\etRunner\Branches\ETAPIGithub\WCFServer\x64\Release_TCP\link.read.1.tlog
E:\Desktop\etFOMM\Development\etRunner\Branches\ETAPIGithub\WCFServer\x64\Release_TCP\link.write.1.tlog
E:\Desktop\etFOMM\Development\etRunner\Branches\ETAPIGithub\WCFServer\x64\Release_TCP\metagen.read.1.tlog
E:\Desktop\etFOMM\Development\etRunner\Branches\ETAPIGithub\WCFServer\x64\Release_TCP\metagen.write.1.tlog
E:\Desktop\etFOMM\Development\etRunner\Branches\ETAPIGithub\WCFServer\x64\Release_TCP\rc.command.1.tlog
E:\Desktop\etFOMM\Development\etRunner\Branches\ETAPIGithub\WCFServer\x64\Release_TCP\rc.read.1.tlog
E:\Desktop\etFOMM\Development\etRunner\Branches\ETAPIGithub\WCFServer\x64\Release_TCP\rc.write.1.tlog
E:\Desktop\etFOMM\Development\etRunner\Branches\ETAPIGithub\WCFServer\x64\Release_TCP\app.res
E:\Desktop\etFOMM\Development\etRunner\Branches\ETAPIGithub\WCFServer\x64\Release_TCP\WCFServer.pch
E:\Desktop\etFOMM\Development\etRunner\Branches\ETAPIGithub\WCFServer\x64\Release_TCP\vc110.pdb
E:\Desktop\etFOMM\Development\etRunner\Branches\ETAPIGithub\WCFServer\x64\Release_TCP\TZRES.DLL.bi
E:\Desktop\etFOMM\Development\etRunner\Branches\ETAPIGithub\x64\Release_TCP\WCFServer.pdb
E:\Desktop\etFOMM\Development\etRunner\Branches\ETAPIGithub\x64\Release_TCP\WCFServer.dll
