E:\DESKTOP\ETFOMM\DEVELOPMENT\ETRUNNER\BRANCHES\ETRUNNER64WEB\WCFSERVER\X64\DEBUG_TCP_CONTROLLER\WCFSERVER.PCH
E:\DESKTOP\ETFOMM\DEVELOPMENT\ETRUNNER\BRANCHES\ETRUNNER64WEB\WCFSERVER\X64\DEBUG_TCP_CONTROLLER\STDAFX.OBJ
E:\DESKTOP\ETFOMM\DEVELOPMENT\ETRUNNER\BRANCHES\ETRUNNER64WEB\WCFSERVER\X64\DEBUG_TCP_CONTROLLER\VC110.PDB
E:\DESKTOP\ETFOMM\DEVELOPMENT\ETRUNNER\BRANCHES\ETRUNNER64WEB\WCFSERVER\X64\DEBUG_TCP_CONTROLLER\WCFSERVER.OBJ
E:\DESKTOP\ETFOMM\DEVELOPMENT\ETRUNNER\BRANCHES\ETRUNNER64WEB\WCFSERVER\X64\DEBUG_TCP_CONTROLLER\ASSEMBLYINFO.OBJ
E:\DESKTOP\ETFOMM\DEVELOPMENT\ETRUNNER\BRANCHES\ETRUNNER64WEB\WCFSERVER\X64\DEBUG_TCP_CONTROLLER\.NETFRAMEWORK,VERSION=V4.0.ASSEMBLYATTRIBUTES.OBJ
E:\DESKTOP\ETFOMM\DEVELOPMENT\ETRUNNER\BRANCHES\ETRUNNER64WEB\X64\DEBUG_TCP_CONTROLLER\WCFSERVER.DLL
E:\DESKTOP\ETFOMM\DEVELOPMENT\ETRUNNER\BRANCHES\ETRUNNER64WEB\X64\DEBUG_TCP_CONTROLLER\WCFSERVER.PDB
E:\DESKTOP\ETFOMM\DEVELOPMENT\ETRUNNER\BRANCHES\ETRUNNER64WEB\WCFSERVER\X64\DEBUG_TCP_CONTROLLER\APP.RES
E:\Desktop\etFOMM\Development\etRunner\Branches\ETAPIGithub\WCFServer\x64\Debug_TCP_Controller\.NETFramework,Version=v4.0.AssemblyAttributes.obj
E:\Desktop\etFOMM\Development\etRunner\Branches\ETAPIGithub\WCFServer\x64\Debug_TCP_Controller\AssemblyInfo.obj
E:\Desktop\etFOMM\Development\etRunner\Branches\ETAPIGithub\WCFServer\x64\Debug_TCP_Controller\Stdafx.obj
E:\Desktop\etFOMM\Development\etRunner\Branches\ETAPIGithub\WCFServer\x64\Debug_TCP_Controller\WCFServer.obj
E:\Desktop\etFOMM\Development\etRunner\Branches\ETAPIGithub\WCFServer\x64\Debug_TCP_Controller\cl.command.1.tlog
E:\Desktop\etFOMM\Development\etRunner\Branches\ETAPIGithub\WCFServer\x64\Debug_TCP_Controller\CL.read.1.tlog
E:\Desktop\etFOMM\Development\etRunner\Branches\ETAPIGithub\WCFServer\x64\Debug_TCP_Controller\CL.write.1.tlog
E:\Desktop\etFOMM\Development\etRunner\Branches\ETAPIGithub\WCFServer\x64\Debug_TCP_Controller\link-cvtres.read.1.tlog
E:\Desktop\etFOMM\Development\etRunner\Branches\ETAPIGithub\WCFServer\x64\Debug_TCP_Controller\link-cvtres.write.1.tlog
E:\Desktop\etFOMM\Development\etRunner\Branches\ETAPIGithub\WCFServer\x64\Debug_TCP_Controller\link-rc.read.1.tlog
E:\Desktop\etFOMM\Development\etRunner\Branches\ETAPIGithub\WCFServer\x64\Debug_TCP_Controller\link-rc.write.1.tlog
E:\Desktop\etFOMM\Development\etRunner\Branches\ETAPIGithub\WCFServer\x64\Debug_TCP_Controller\link.command.1.tlog
E:\Desktop\etFOMM\Development\etRunner\Branches\ETAPIGithub\WCFServer\x64\Debug_TCP_Controller\link.read.1.tlog
E:\Desktop\etFOMM\Development\etRunner\Branches\ETAPIGithub\WCFServer\x64\Debug_TCP_Controller\link.write.1.tlog
E:\Desktop\etFOMM\Development\etRunner\Branches\ETAPIGithub\WCFServer\x64\Debug_TCP_Controller\metagen.read.1.tlog
E:\Desktop\etFOMM\Development\etRunner\Branches\ETAPIGithub\WCFServer\x64\Debug_TCP_Controller\metagen.write.1.tlog
E:\Desktop\etFOMM\Development\etRunner\Branches\ETAPIGithub\WCFServer\x64\Debug_TCP_Controller\rc.command.1.tlog
E:\Desktop\etFOMM\Development\etRunner\Branches\ETAPIGithub\WCFServer\x64\Debug_TCP_Controller\rc.read.1.tlog
E:\Desktop\etFOMM\Development\etRunner\Branches\ETAPIGithub\WCFServer\x64\Debug_TCP_Controller\rc.write.1.tlog
E:\Desktop\etFOMM\Development\etRunner\Branches\ETAPIGithub\WCFServer\x64\Debug_TCP_Controller\app.res
E:\Desktop\etFOMM\Development\etRunner\Branches\ETAPIGithub\WCFServer\x64\Debug_TCP_Controller\WCFServer.pch
E:\Desktop\etFOMM\Development\etRunner\Branches\ETAPIGithub\WCFServer\x64\Debug_TCP_Controller\vc110.pdb
E:\Desktop\etFOMM\Development\etRunner\Branches\ETAPIGithub\WCFServer\x64\Debug_TCP_Controller\TZRES.DLL.bi
E:\Desktop\etFOMM\Development\etRunner\Branches\ETAPIGithub\x64\Debug_TCP_Controller\WCFServer.pdb
E:\Desktop\etFOMM\Development\etRunner\Branches\ETAPIGithub\x64\Debug_TCP_Controller\WCFServer.dll
