E:\DESKTOP\ETFOMM\DEVELOPMENT\ETRUNNER\BRANCHES\ETRUNNER64WEB\ETRUNNER64\X64\RELEASE_TCP\ETRUNNER64.PCH
E:\DESKTOP\ETFOMM\DEVELOPMENT\ETRUNNER\BRANCHES\ETRUNNER64WEB\ETRUNNER64\X64\RELEASE_TCP\STDAFX.OBJ
E:\DESKTOP\ETFOMM\DEVELOPMENT\ETRUNNER\BRANCHES\ETRUNNER64WEB\ETRUNNER64\X64\RELEASE_TCP\VC110.PDB
E:\DESKTOP\ETFOMM\DEVELOPMENT\ETRUNNER\BRANCHES\ETRUNNER64WEB\ETRUNNER64\X64\RELEASE_TCP\HOST_DEFAULT_NETWORK.OBJ
E:\DESKTOP\ETFOMM\DEVELOPMENT\ETRUNNER\BRANCHES\ETRUNNER64WEB\ETRUNNER64\X64\RELEASE_TCP\ETRUNNER64.OBJ
E:\DESKTOP\ETFOMM\DEVELOPMENT\ETRUNNER\BRANCHES\ETRUNNER64WEB\ETRUNNER64\X64\RELEASE_TCP\ETFOMMINTERFACE.OBJ
E:\DESKTOP\ETFOMM\DEVELOPMENT\ETRUNNER\BRANCHES\ETRUNNER64WEB\ETRUNNER64\X64\RELEASE_TCP\DISPLAY.OBJ
E:\DESKTOP\ETFOMM\DEVELOPMENT\ETRUNNER\BRANCHES\ETRUNNER64WEB\ETRUNNER64\X64\RELEASE_TCP\.NETFRAMEWORK,VERSION=V4.0.ASSEMBLYATTRIBUTES.OBJ
E:\DESKTOP\ETFOMM\DEVELOPMENT\ETRUNNER\BRANCHES\ETRUNNER64WEB\X64\RELEASE_TCP\ETRUNNER64.EXE
E:\DESKTOP\ETFOMM\DEVELOPMENT\ETRUNNER\BRANCHES\ETRUNNER64WEB\X64\RELEASE_TCP\ETRUNNER64.PDB
E:\DESKTOP\ETFOMM\DEVELOPMENT\ETRUNNER\BRANCHES\ETRUNNER64WEB\ETRUNNER64\X64\RELEASE_TCP\ETRUNNER64.RES
E:\Desktop\etFOMM\Development\etRunner\Branches\ETAPIGithub\etRunner64\x64\Release_TCP\etRunner64.vcxprojResolveAssemblyReference.cache
E:\Desktop\etFOMM\Development\etRunner\Branches\ETAPIGithub\etRunner64\x64\Release_TCP\.NETFramework,Version=v4.0.AssemblyAttributes.obj
E:\Desktop\etFOMM\Development\etRunner\Branches\ETAPIGithub\etRunner64\x64\Release_TCP\Display.obj
E:\Desktop\etFOMM\Development\etRunner\Branches\ETAPIGithub\etRunner64\x64\Release_TCP\etFommInterface.obj
E:\Desktop\etFOMM\Development\etRunner\Branches\ETAPIGithub\etRunner64\x64\Release_TCP\etRunner64.obj
E:\Desktop\etFOMM\Development\etRunner\Branches\ETAPIGithub\etRunner64\x64\Release_TCP\Host_Default_Network.obj
E:\Desktop\etFOMM\Development\etRunner\Branches\ETAPIGithub\etRunner64\x64\Release_TCP\stdafx.obj
E:\Desktop\etFOMM\Development\etRunner\Branches\ETAPIGithub\etRunner64\x64\Release_TCP\cl.command.1.tlog
E:\Desktop\etFOMM\Development\etRunner\Branches\ETAPIGithub\etRunner64\x64\Release_TCP\CL.read.1.tlog
E:\Desktop\etFOMM\Development\etRunner\Branches\ETAPIGithub\etRunner64\x64\Release_TCP\CL.write.1.tlog
E:\Desktop\etFOMM\Development\etRunner\Branches\ETAPIGithub\etRunner64\x64\Release_TCP\link-cvtres.read.1.tlog
E:\Desktop\etFOMM\Development\etRunner\Branches\ETAPIGithub\etRunner64\x64\Release_TCP\link-cvtres.write.1.tlog
E:\Desktop\etFOMM\Development\etRunner\Branches\ETAPIGithub\etRunner64\x64\Release_TCP\link-rc.read.1.tlog
E:\Desktop\etFOMM\Development\etRunner\Branches\ETAPIGithub\etRunner64\x64\Release_TCP\link-rc.write.1.tlog
E:\Desktop\etFOMM\Development\etRunner\Branches\ETAPIGithub\etRunner64\x64\Release_TCP\link.command.1.tlog
E:\Desktop\etFOMM\Development\etRunner\Branches\ETAPIGithub\etRunner64\x64\Release_TCP\link.read.1.tlog
E:\Desktop\etFOMM\Development\etRunner\Branches\ETAPIGithub\etRunner64\x64\Release_TCP\link.write.1.tlog
E:\Desktop\etFOMM\Development\etRunner\Branches\ETAPIGithub\etRunner64\x64\Release_TCP\metagen.read.1.tlog
E:\Desktop\etFOMM\Development\etRunner\Branches\ETAPIGithub\etRunner64\x64\Release_TCP\metagen.write.1.tlog
E:\Desktop\etFOMM\Development\etRunner\Branches\ETAPIGithub\etRunner64\x64\Release_TCP\rc.command.1.tlog
E:\Desktop\etFOMM\Development\etRunner\Branches\ETAPIGithub\etRunner64\x64\Release_TCP\rc.read.1.tlog
E:\Desktop\etFOMM\Development\etRunner\Branches\ETAPIGithub\etRunner64\x64\Release_TCP\rc.write.1.tlog
E:\Desktop\etFOMM\Development\etRunner\Branches\ETAPIGithub\etRunner64\x64\Release_TCP\etRunner64.res
E:\Desktop\etFOMM\Development\etRunner\Branches\ETAPIGithub\etRunner64\x64\Release_TCP\etRunner64.pch
E:\Desktop\etFOMM\Development\etRunner\Branches\ETAPIGithub\etRunner64\x64\Release_TCP\vc110.pdb
E:\Desktop\etFOMM\Development\etRunner\Branches\ETAPIGithub\etRunner64\x64\Release_TCP\TZRES.DLL.bi
E:\Desktop\etFOMM\Development\etRunner\Branches\ETAPIGithub\x64\Release_TCP\etRunner64.pdb
E:\Desktop\etFOMM\Development\etRunner\Branches\ETAPIGithub\x64\Release_TCP\etRunner64.exe
