E:\DESKTOP\ETFOMM\DEVELOPMENT\ETRUNNER\BRANCHES\ETRUNNER64WEB\ETRUNNER64\X64\DEBUG\ETRUNNER64.PCH
E:\DESKTOP\ETFOMM\DEVELOPMENT\ETRUNNER\BRANCHES\ETRUNNER64WEB\ETRUNNER64\X64\DEBUG\STDAFX.OBJ
E:\DESKTOP\ETFOMM\DEVELOPMENT\ETRUNNER\BRANCHES\ETRUNNER64WEB\ETRUNNER64\X64\DEBUG\VC110.PDB
E:\DESKTOP\ETFOMM\DEVELOPMENT\ETRUNNER\BRANCHES\ETRUNNER64WEB\ETRUNNER64\X64\DEBUG\HOST_DEFAULT_NETWORK.OBJ
E:\DESKTOP\ETFOMM\DEVELOPMENT\ETRUNNER\BRANCHES\ETRUNNER64WEB\ETRUNNER64\X64\DEBUG\ETRUNNER64.OBJ
E:\DESKTOP\ETFOMM\DEVELOPMENT\ETRUNNER\BRANCHES\ETRUNNER64WEB\ETRUNNER64\X64\DEBUG\ETFOMMINTERFACE.OBJ
E:\DESKTOP\ETFOMM\DEVELOPMENT\ETRUNNER\BRANCHES\ETRUNNER64WEB\ETRUNNER64\X64\DEBUG\DISPLAY.OBJ
E:\DESKTOP\ETFOMM\DEVELOPMENT\ETRUNNER\BRANCHES\ETRUNNER64WEB\ETRUNNER64\X64\DEBUG\.NETFRAMEWORK,VERSION=V4.0.ASSEMBLYATTRIBUTES.OBJ
E:\DESKTOP\ETFOMM\DEVELOPMENT\ETRUNNER\BRANCHES\ETRUNNER64WEB\X64\DEBUG\ETRUNNER64.ILK
E:\DESKTOP\ETFOMM\DEVELOPMENT\ETRUNNER\BRANCHES\ETRUNNER64WEB\X64\DEBUG\ETRUNNER64.EXE
E:\DESKTOP\ETFOMM\DEVELOPMENT\ETRUNNER\BRANCHES\ETRUNNER64WEB\X64\DEBUG\ETRUNNER64.PDB
E:\DESKTOP\ETFOMM\DEVELOPMENT\ETRUNNER\BRANCHES\ETRUNNER64WEB\ETRUNNER64\X64\DEBUG\ETRUNNER64.RES
E:\Desktop\etFOMM\Development\etRunner\Branches\ETAPIGithub\etRunner64\x64\Debug\etRunner64.vcxprojResolveAssemblyReference.cache
E:\Desktop\etFOMM\Development\etRunner\Branches\ETAPIGithub\etRunner64\x64\Debug\.NETFramework,Version=v4.0.AssemblyAttributes.obj
E:\Desktop\etFOMM\Development\etRunner\Branches\ETAPIGithub\etRunner64\x64\Debug\Display.obj
E:\Desktop\etFOMM\Development\etRunner\Branches\ETAPIGithub\etRunner64\x64\Debug\etFommInterface.obj
E:\Desktop\etFOMM\Development\etRunner\Branches\ETAPIGithub\etRunner64\x64\Debug\etRunner64.obj
E:\Desktop\etFOMM\Development\etRunner\Branches\ETAPIGithub\etRunner64\x64\Debug\Host_Default_Network.obj
E:\Desktop\etFOMM\Development\etRunner\Branches\ETAPIGithub\etRunner64\x64\Debug\stdafx.obj
E:\Desktop\etFOMM\Development\etRunner\Branches\ETAPIGithub\etRunner64\x64\Debug\cl.command.1.tlog
E:\Desktop\etFOMM\Development\etRunner\Branches\ETAPIGithub\etRunner64\x64\Debug\CL.read.1.tlog
E:\Desktop\etFOMM\Development\etRunner\Branches\ETAPIGithub\etRunner64\x64\Debug\CL.write.1.tlog
E:\Desktop\etFOMM\Development\etRunner\Branches\ETAPIGithub\etRunner64\x64\Debug\link.3492-cvtres.read.1.tlog
E:\Desktop\etFOMM\Development\etRunner\Branches\ETAPIGithub\etRunner64\x64\Debug\link.3492-cvtres.write.1.tlog
E:\Desktop\etFOMM\Development\etRunner\Branches\ETAPIGithub\etRunner64\x64\Debug\link.3492-rc.read.1.tlog
E:\Desktop\etFOMM\Development\etRunner\Branches\ETAPIGithub\etRunner64\x64\Debug\link.3492-rc.write.1.tlog
E:\Desktop\etFOMM\Development\etRunner\Branches\ETAPIGithub\etRunner64\x64\Debug\link.3492.read.1.tlog
E:\Desktop\etFOMM\Development\etRunner\Branches\ETAPIGithub\etRunner64\x64\Debug\link.3492.write.1.tlog
E:\Desktop\etFOMM\Development\etRunner\Branches\ETAPIGithub\etRunner64\x64\Debug\link.5000-cvtres.read.1.tlog
E:\Desktop\etFOMM\Development\etRunner\Branches\ETAPIGithub\etRunner64\x64\Debug\link.5000-cvtres.write.1.tlog
E:\Desktop\etFOMM\Development\etRunner\Branches\ETAPIGithub\etRunner64\x64\Debug\link.5000-rc.read.1.tlog
E:\Desktop\etFOMM\Development\etRunner\Branches\ETAPIGithub\etRunner64\x64\Debug\link.5000-rc.write.1.tlog
E:\Desktop\etFOMM\Development\etRunner\Branches\ETAPIGithub\etRunner64\x64\Debug\link.5000.read.1.tlog
E:\Desktop\etFOMM\Development\etRunner\Branches\ETAPIGithub\etRunner64\x64\Debug\link.5000.write.1.tlog
E:\Desktop\etFOMM\Development\etRunner\Branches\ETAPIGithub\etRunner64\x64\Debug\link.9788-cvtres.read.1.tlog
E:\Desktop\etFOMM\Development\etRunner\Branches\ETAPIGithub\etRunner64\x64\Debug\link.9788-cvtres.write.1.tlog
E:\Desktop\etFOMM\Development\etRunner\Branches\ETAPIGithub\etRunner64\x64\Debug\link.9788-rc.read.1.tlog
E:\Desktop\etFOMM\Development\etRunner\Branches\ETAPIGithub\etRunner64\x64\Debug\link.9788-rc.write.1.tlog
E:\Desktop\etFOMM\Development\etRunner\Branches\ETAPIGithub\etRunner64\x64\Debug\link.9788.read.1.tlog
E:\Desktop\etFOMM\Development\etRunner\Branches\ETAPIGithub\etRunner64\x64\Debug\link.9788.write.1.tlog
E:\Desktop\etFOMM\Development\etRunner\Branches\ETAPIGithub\etRunner64\x64\Debug\link.command.1.tlog
E:\Desktop\etFOMM\Development\etRunner\Branches\ETAPIGithub\etRunner64\x64\Debug\link.read.1.tlog
E:\Desktop\etFOMM\Development\etRunner\Branches\ETAPIGithub\etRunner64\x64\Debug\link.write.1.tlog
E:\Desktop\etFOMM\Development\etRunner\Branches\ETAPIGithub\etRunner64\x64\Debug\metagen.read.1.tlog
E:\Desktop\etFOMM\Development\etRunner\Branches\ETAPIGithub\etRunner64\x64\Debug\metagen.write.1.tlog
E:\Desktop\etFOMM\Development\etRunner\Branches\ETAPIGithub\etRunner64\x64\Debug\rc.command.1.tlog
E:\Desktop\etFOMM\Development\etRunner\Branches\ETAPIGithub\etRunner64\x64\Debug\rc.read.1.tlog
E:\Desktop\etFOMM\Development\etRunner\Branches\ETAPIGithub\etRunner64\x64\Debug\rc.write.1.tlog
E:\Desktop\etFOMM\Development\etRunner\Branches\ETAPIGithub\etRunner64\x64\Debug\etRunner64.res
E:\Desktop\etFOMM\Development\etRunner\Branches\ETAPIGithub\etRunner64\x64\Debug\etRunner64.pch
E:\Desktop\etFOMM\Development\etRunner\Branches\ETAPIGithub\etRunner64\x64\Debug\vc110.pdb
E:\Desktop\etFOMM\Development\etRunner\Branches\ETAPIGithub\etRunner64\x64\Debug\TZRES.DLL.bi
E:\Desktop\etFOMM\Development\etRunner\Branches\ETAPIGithub\x64\Debug\etRunner64.pdb
E:\Desktop\etFOMM\Development\etRunner\Branches\ETAPIGithub\x64\Debug\etRunner64.exe
E:\Desktop\etFOMM\Development\etRunner\Branches\ETAPIGithub\x64\Debug\etRunner64.ilk
